This is XeTeX, Version 3.14159265-2.6-0.99999 (TeX Live 2019/dev/Debian) (preloaded format=xelatex 2020.7.2)  12 AUG 2020 13:00
entering extended mode
 restricted \write18 enabled.
 %&-line parsing enabled.
**stm.tex
(/usr/share/texlive/texmf-dist/tex/latex/tools/x.tex
LaTeX2e <2018-12-01>

! .
l.38   \batchmode \errmessage{}
                               \csname @@end\endcsname \end
This error message was generated by an \errmessage
command, so I can't give any explicit help.
Pretend that you're Hercule Poirot: Examine all clues,
and deduce the truth by order and method.

 ) 
Here is how much of TeX's memory you used:
 6 strings out of 494824
 157 string characters out of 6173643
 56825 words of memory out of 5000000
 4046 multiletter control sequences out of 15000+600000
 3640 words of font info for 14 fonts, out of 8000000 for 9000
 14 hyphenation exceptions out of 8191
 4i,0n,1p,87b,8s stack positions out of 5000i,500n,10000p,200000b,80000s

No pages of output.
